# JRE version: OpenJDK Runtime Environment Temurin-21.0.3+9 (21.0.3+9) (build 21.0.3+9-LTS)
# Java VM: OpenJDK 64-Bit Server VM Temurin-21.0.3+9 (21.0.3+9-LTS, mixed mode, emulated-client, tiered, compressed oops, compressed class ptrs, g1 gc, windows-amd64)
GC Precious Log:
 CardTable entry size: 512
 Card Set container configuration: InlinePtr #cards 4 size 8 Array Of Cards #cards 16 size 48 Howl #buckets 8 coarsen threshold 3686 Howl Bitmap #cards 512 size 80 coarsen threshold 460 Card regions per heap region 1 cards per card region 4096
 CPUs: 8 total, 8 available
 Memory: 16221M
 Large Page Support: Disabled
 NUMA Support: Disabled
 Compressed Oops: Enabled (Zero based)
 Heap Region Size: 2M
 Heap Min Capacity: 8M
 Heap Initial Capacity: 254M
 Heap Max Capacity: 4056M
 Pre-touch: Disabled
 Parallel Workers: 8
 Concurrent Workers: 2
 Concurrent Refinement Workers: 8
 Periodic GC: Disabled
Heap:
 garbage-first heap   total 454656K, used 213179K [0x0000000702800000, 0x0000000800000000)
  region size 2048K, 64 young (131072K), 2 survivors (4096K)
 Metaspace       used 90310K, committed 91136K, reserved 1179648K
  class space    used 12613K, committed 12928K, reserved 1048576K
GC Heap History (20 events):
Event: 7.598 GC heap before
{Heap before GC invocations=12 (full 0):
 garbage-first heap   total 155648K, used 62761K [0x0000000702800000, 0x0000000800000000)
  region size 2048K, 23 young (47104K), 2 survivors (4096K)
 Metaspace       used 59518K, committed 60096K, reserved 1114112K
  class space    used 7778K, committed 8000K, reserved 1048576K
}
Event: 7.608 GC heap after
{Heap after GC invocations=13 (full 0):
 garbage-first heap   total 155648K, used 26624K [0x0000000702800000, 0x0000000800000000)
  region size 2048K, 3 young (6144K), 3 survivors (6144K)
 Metaspace       used 59518K, committed 60096K, reserved 1114112K
  class space    used 7778K, committed 8000K, reserved 1048576K
}
Event: 9.090 GC heap before
{Heap before GC invocations=14 (full 0):
 garbage-first heap   total 96256K, used 77824K [0x0000000702800000, 0x0000000800000000)
  region size 2048K, 28 young (57344K), 3 survivors (6144K)
 Metaspace       used 71700K, committed 72448K, reserved 1114112K
  class space    used 9631K, committed 9984K, reserved 1048576K
}
Event: 9.107 GC heap after
{Heap after GC invocations=15 (full 0):
 garbage-first heap   total 96256K, used 29332K [0x0000000702800000, 0x0000000800000000)
  region size 2048K, 4 young (8192K), 4 survivors (8192K)
 Metaspace       used 71700K, committed 72448K, reserved 1114112K
  class space    used 9631K, committed 9984K, reserved 1048576K
}
Event: 9.873 GC heap before
{Heap before GC invocations=15 (full 0):
 garbage-first heap   total 96256K, used 78484K [0x0000000702800000, 0x0000000800000000)
  region size 2048K, 28 young (57344K), 4 survivors (8192K)
 Metaspace       used 77091K, committed 77760K, reserved 1179648K
  class space    used 10678K, committed 11008K, reserved 1048576K
}
Event: 9.897 GC heap after
{Heap after GC invocations=16 (full 0):
 garbage-first heap   total 96256K, used 30939K [0x0000000702800000, 0x0000000800000000)
  region size 2048K, 3 young (6144K), 3 survivors (6144K)
 Metaspace       used 77091K, committed 77760K, reserved 1179648K
  class space    used 10678K, committed 11008K, reserved 1048576K
}
Event: 10.226 GC heap before
{Heap before GC invocations=16 (full 0):
 garbage-first heap   total 96256K, used 82139K [0x0000000702800000, 0x0000000800000000)
  region size 2048K, 28 young (57344K), 3 survivors (6144K)
 Metaspace       used 78585K, committed 79232K, reserved 1179648K
  class space    used 10890K, committed 11200K, reserved 1048576K
}
Event: 10.242 GC heap after
{Heap after GC invocations=17 (full 0):
 garbage-first heap   total 96256K, used 35550K [0x0000000702800000, 0x0000000800000000)
  region size 2048K, 4 young (8192K), 4 survivors (8192K)
 Metaspace       used 78585K, committed 79232K, reserved 1179648K
  class space    used 10890K, committed 11200K, reserved 1048576K
}
Event: 10.440 GC heap before
{Heap before GC invocations=17 (full 0):
 garbage-first heap   total 96256K, used 78558K [0x0000000702800000, 0x0000000800000000)
  region size 2048K, 26 young (53248K), 4 survivors (8192K)
 Metaspace       used 78585K, committed 79232K, reserved 1179648K
  class space    used 10890K, committed 11200K, reserved 1048576K
}
Event: 10.482 GC heap after
{Heap after GC invocations=18 (full 0):
 garbage-first heap   total 126976K, used 51200K [0x0000000702800000, 0x0000000800000000)
  region size 2048K, 4 young (8192K), 4 survivors (8192K)
 Metaspace       used 78585K, committed 79232K, reserved 1179648K
  class space    used 10890K, committed 11200K, reserved 1048576K
}
Event: 10.699 GC heap before
{Heap before GC invocations=18 (full 0):
 garbage-first heap   total 126976K, used 100352K [0x0000000702800000, 0x0000000800000000)
  region size 2048K, 28 young (57344K), 4 survivors (8192K)
 Metaspace       used 78587K, committed 79296K, reserved 1179648K
  class space    used 10890K, committed 11200K, reserved 1048576K
}
Event: 10.725 GC heap after
{Heap after GC invocations=19 (full 0):
 garbage-first heap   total 126976K, used 60416K [0x0000000702800000, 0x0000000800000000)
  region size 2048K, 4 young (8192K), 4 survivors (8192K)
 Metaspace       used 78587K, committed 79296K, reserved 1179648K
  class space    used 10890K, committed 11200K, reserved 1048576K
}
Event: 10.879 GC heap before
{Heap before GC invocations=19 (full 0):
 garbage-first heap   total 126976K, used 103424K [0x0000000702800000, 0x0000000800000000)
  region size 2048K, 25 young (51200K), 4 survivors (8192K)
 Metaspace       used 78587K, committed 79296K, reserved 1179648K
  class space    used 10890K, committed 11200K, reserved 1048576K
}
Event: 10.993 GC heap after
{Heap after GC invocations=20 (full 0):
 garbage-first heap   total 129024K, used 77824K [0x0000000702800000, 0x0000000800000000)
  region size 2048K, 4 young (8192K), 4 survivors (8192K)
 Metaspace       used 78587K, committed 79296K, reserved 1179648K
  class space    used 10890K, committed 11200K, reserved 1048576K
}
Event: 11.082 GC heap before
{Heap before GC invocations=20 (full 0):
 garbage-first heap   total 129024K, used 106496K [0x0000000702800000, 0x0000000800000000)
  region size 2048K, 18 young (36864K), 4 survivors (8192K)
 Metaspace       used 78587K, committed 79296K, reserved 1179648K
  class space    used 10890K, committed 11200K, reserved 1048576K
}
Event: 11.108 GC heap after
{Heap after GC invocations=21 (full 0):
 garbage-first heap   total 129024K, used 90112K [0x0000000702800000, 0x0000000800000000)
  region size 2048K, 3 young (6144K), 3 survivors (6144K)
 Metaspace       used 78587K, committed 79296K, reserved 1179648K
  class space    used 10890K, committed 11200K, reserved 1048576K
}
Event: 11.201 GC heap before
{Heap before GC invocations=22 (full 0):
 garbage-first heap   total 151552K, used 96256K [0x0000000702800000, 0x0000000800000000)
  region size 2048K, 12 young (24576K), 3 survivors (6144K)
 Metaspace       used 78587K, committed 79296K, reserved 1179648K
  class space    used 10890K, committed 11200K, reserved 1048576K
}
Event: 11.218 GC heap after
{Heap after GC invocations=23 (full 0):
 garbage-first heap   total 151552K, used 85791K [0x0000000702800000, 0x0000000800000000)
  region size 2048K, 2 young (4096K), 2 survivors (4096K)
 Metaspace       used 78587K, committed 79296K, reserved 1179648K
  class space    used 10890K, committed 11200K, reserved 1048576K
}
Event: 11.398 GC heap before
{Heap before GC invocations=23 (full 0):
 garbage-first heap   total 151552K, used 118559K [0x0000000702800000, 0x0000000800000000)
  region size 2048K, 18 young (36864K), 2 survivors (4096K)
 Metaspace       used 78594K, committed 79296K, reserved 1179648K
  class space    used 10896K, committed 11200K, reserved 1048576K
}
Event: 11.411 GC heap after
{Heap after GC invocations=24 (full 0):
 garbage-first heap   total 454656K, used 88251K [0x0000000702800000, 0x0000000800000000)
  region size 2048K, 2 young (4096K), 2 survivors (4096K)
 Metaspace       used 78594K, committed 79296K, reserved 1179648K
  class space    used 10896K, committed 11200K, reserved 1048576K
}

